2019-12-18 17:05:42,205 INFO  [main] com.example.microservies.configserver.ConfigServerApplicationKt : The following profiles are active: local
2019-12-18 17:05:42,764 WARN  [main] org.springframework.boot.actuate.endpoint.EndpointId : Endpoint ID 'service-registry' contains invalid characters, please migrate to a valid format.
2019-12-18 17:05:42,867 INFO  [main] org.springframework.cloud.context.scope.GenericScope : BeanFactory id=60bc39fd-a277-3a17-9fac-52a6b00d8f9d
2019-12-18 17:05:43,064 INFO  [main] org.springframework.context.support.PostProcessorRegistrationDelegate$BeanPostProcessorChecker : Bean 'org.springframework.cloud.autoconfigure.ConfigurationPropertiesRebinderAutoConfiguration' of type [org.springframework.cloud.autoconfigure.ConfigurationPropertiesRebinderAutoConfiguration] is not eligible for getting processed by all BeanPostProcessors (for example: not eligible for auto-proxying)
2019-12-18 17:05:43,151 WARN  [main] io.undertow.websockets.jsr : UT026010: Buffer pool was not set on WebSocketDeploymentInfo, the default pool will be used
2019-12-18 17:05:43,163 INFO  [main] io.undertow.servlet : Initializing Spring embedded WebApplicationContext
2019-12-18 17:05:43,163 INFO  [main] org.springframework.web.context.ContextLoader : Root WebApplicationContext: initialization completed in 947 ms
2019-12-18 17:05:43,207 WARN  [main] com.netflix.config.sources.URLConfigurationSource : No URLs will be polled as dynamic configuration sources.
2019-12-18 17:05:43,207 INFO  [main] com.netflix.config.sources.URLConfigurationSource : To enable URLs as dynamic configuration sources, define System property archaius.configurationSource.additionalUrls or make config.properties available on classpath.
2019-12-18 17:05:43,212 INFO  [main] com.netflix.config.DynamicPropertyFactory : DynamicPropertyFactory is initialized with configuration sources: com.netflix.config.ConcurrentCompositeConfiguration@2b7facc7
2019-12-18 17:05:43,606 WARN  [main] com.netflix.config.sources.URLConfigurationSource : No URLs will be polled as dynamic configuration sources.
2019-12-18 17:05:43,606 INFO  [main] com.netflix.config.sources.URLConfigurationSource : To enable URLs as dynamic configuration sources, define System property archaius.configurationSource.additionalUrls or make config.properties available on classpath.
2019-12-18 17:05:43,678 INFO  [main] org.springframework.scheduling.concurrent.ThreadPoolTaskExecutor : Initializing ExecutorService 'applicationTaskExecutor'
2019-12-18 17:05:43,888 WARN  [main] org.springframework.cloud.loadbalancer.config.BlockingLoadBalancerClientAutoConfiguration$BlockingLoadBalancerClientRibbonWarnLogger : You already have RibbonLoadBalancerClient on your classpath. It will be used by default. As Spring Cloud Ribbon is in maintenance mode. We recommend switching to BlockingLoadBalancerClient instead. In order to use it, set the value of `spring.cloud.loadbalancer.ribbon.enabled` to `false` or remove spring-cloud-starter-netflix-ribbon from your project.
2019-12-18 17:05:43,922 WARN  [main] org.springframework.cloud.loadbalancer.config.LoadBalancerCacheAutoConfiguration$LoadBalancerCaffeineWarnLogger : Spring Cloud LoadBalancer is currently working with default default cache. You can switch to using Caffeine cache, by adding it to the classpath.
2019-12-18 17:05:43,929 INFO  [main] org.springframework.boot.actuate.endpoint.web.EndpointLinksResolver : Exposing 18 endpoint(s) beneath base path '/actuator'
2019-12-18 17:05:43,981 INFO  [main] org.springframework.cloud.netflix.eureka.InstanceInfoFactory : Setting initial instance status as: STARTING
2019-12-18 17:05:44,009 INFO  [main] com.netflix.discovery.DiscoveryClient : Initializing Eureka in region us-east-1
2019-12-18 17:05:44,045 INFO  [main] com.netflix.discovery.provider.DiscoveryJerseyProvider : Using JSON encoding codec LegacyJacksonJson
2019-12-18 17:05:44,046 INFO  [main] com.netflix.discovery.provider.DiscoveryJerseyProvider : Using JSON decoding codec LegacyJacksonJson
2019-12-18 17:05:44,116 INFO  [main] com.netflix.discovery.provider.DiscoveryJerseyProvider : Using XML encoding codec XStreamXml
2019-12-18 17:05:44,116 INFO  [main] com.netflix.discovery.provider.DiscoveryJerseyProvider : Using XML decoding codec XStreamXml
2019-12-18 17:05:44,188 INFO  [main] com.netflix.discovery.shared.resolver.aws.ConfigClusterResolver : Resolving eureka endpoints via configuration
2019-12-18 17:05:44,197 INFO  [main] com.netflix.discovery.DiscoveryClient : Disable delta property : false
2019-12-18 17:05:44,198 INFO  [main] com.netflix.discovery.DiscoveryClient : Single vip registry refresh property : null
2019-12-18 17:05:44,198 INFO  [main] com.netflix.discovery.DiscoveryClient : Force full registry fetch : false
2019-12-18 17:05:44,198 INFO  [main] com.netflix.discovery.DiscoveryClient : Application is null : false
2019-12-18 17:05:44,198 INFO  [main] com.netflix.discovery.DiscoveryClient : Registered Applications size is zero : true
2019-12-18 17:05:44,198 INFO  [main] com.netflix.discovery.DiscoveryClient : Application version is -1: true
2019-12-18 17:05:44,198 INFO  [main] com.netflix.discovery.DiscoveryClient : Getting all instance registry info from the eureka server
2019-12-18 17:05:44,268 INFO  [main] com.netflix.discovery.DiscoveryClient : The response status is 200
2019-12-18 17:05:44,269 INFO  [main] com.netflix.discovery.DiscoveryClient : Starting heartbeat executor: renew interval is: 1
2019-12-18 17:05:44,270 INFO  [main] com.netflix.discovery.InstanceInfoReplicator : InstanceInfoReplicator onDemand update allowed rate per min is 4
2019-12-18 17:05:44,273 INFO  [main] com.netflix.discovery.DiscoveryClient : Discovery Client initialized at timestamp 1576695944272 with initial instances count: 0
2019-12-18 17:05:44,274 INFO  [main] org.springframework.cloud.netflix.eureka.serviceregistry.EurekaServiceRegistry : Registering application CONFIGSERVER with eureka with status UP
2019-12-18 17:05:44,274 INFO  [main] com.netflix.discovery.DiscoveryClient : Saw local status change event StatusChangeEvent [timestamp=1576695944274, current=UP, previous=STARTING]
2019-12-18 17:05:44,275 INFO  [DiscoveryClient-InstanceInfoReplicator-0] com.netflix.discovery.DiscoveryClient : DiscoveryClient_CONFIGSERVER/192.168.15.106:configserver:8761: registering service...
2019-12-18 17:05:44,292 INFO  [main] io.undertow : starting server: Undertow - 2.0.28.Final
2019-12-18 17:05:44,296 INFO  [main] org.xnio : XNIO version 3.3.8.Final
2019-12-18 17:05:44,301 INFO  [main] org.xnio.nio : XNIO NIO Implementation Version 3.3.8.Final
2019-12-18 17:05:44,319 INFO  [DiscoveryClient-InstanceInfoReplicator-0] com.netflix.discovery.DiscoveryClient : DiscoveryClient_CONFIGSERVER/192.168.15.106:configserver:8761 - registration status: 204
2019-12-18 17:05:44,327 INFO  [main] io.undertow : stopping server: Undertow - 2.0.28.Final
2019-12-18 17:05:44,329 INFO  [main] org.springframework.boot.autoconfigure.logging.ConditionEvaluationReportLoggingListener : 

Error starting ApplicationContext. To display the conditions report re-run your application with 'debug' enabled.
2019-12-18 17:05:44,330 INFO  [main] org.springframework.cloud.netflix.eureka.serviceregistry.EurekaServiceRegistry : Unregistering application CONFIGSERVER with eureka with status DOWN
2019-12-18 17:05:44,330 WARN  [main] com.netflix.discovery.DiscoveryClient : Saw local status change event StatusChangeEvent [timestamp=1576695944330, current=DOWN, previous=UP]
2019-12-18 17:05:44,330 INFO  [DiscoveryClient-InstanceInfoReplicator-0] com.netflix.discovery.DiscoveryClient : DiscoveryClient_CONFIGSERVER/192.168.15.106:configserver:8761: registering service...
2019-12-18 17:05:44,332 INFO  [main] org.springframework.scheduling.concurrent.ThreadPoolTaskExecutor : Shutting down ExecutorService 'applicationTaskExecutor'
2019-12-18 17:05:44,334 INFO  [main] com.netflix.discovery.DiscoveryClient : Shutting down DiscoveryClient ...
2019-12-18 17:05:44,335 INFO  [DiscoveryClient-InstanceInfoReplicator-0] com.netflix.discovery.DiscoveryClient : DiscoveryClient_CONFIGSERVER/192.168.15.106:configserver:8761 - registration status: 204
2019-12-18 17:05:44,335 INFO  [main] com.netflix.discovery.DiscoveryClient : Unregistering ...
2019-12-18 17:05:44,343 INFO  [main] com.netflix.discovery.DiscoveryClient : DiscoveryClient_CONFIGSERVER/192.168.15.106:configserver:8761 - deregister  status: 200
2019-12-18 17:05:44,349 INFO  [main] com.netflix.discovery.DiscoveryClient : Completed shut down of DiscoveryClient
2019-12-18 17:05:44,352 ERROR [main] org.springframework.boot.diagnostics.LoggingFailureAnalysisReporter : 

***************************
APPLICATION FAILED TO START
***************************

Description:

Web server failed to start. Port 8761 was already in use.

Action:

Identify and stop the process that's listening on port 8761 or configure this application to listen on another port.

